-------------------------------------------------------------------------------
Test set: api.login_courier.LoginCourierWithEmptyPasswordParameterizedTest
-------------------------------------------------------------------------------
Tests run: 2, Failures: 0, Errors: 1, Skipped: 0, Time elapsed: 60.461 s <<< FAILURE! - in api.login_courier.LoginCourierWithEmptyPasswordParameterizedTest
checkBodyWithEmptyPassword[1](api.login_courier.LoginCourierWithEmptyPasswordParameterizedTest)  Time elapsed: 60.213 s  <<< ERROR!
java.lang.IllegalStateException: 
Cannot invoke the path method because no content-type was present in the response and no default parser has been set.

You can specify a default parser using e.g.:
RestAssured.defaultParser = Parser.JSON;

	at api.login_courier.LoginCourierWithEmptyPasswordParameterizedTest.checkBodyWithEmptyPassword(LoginCourierWithEmptyPasswordParameterizedTest.java:44)

