-------------------------------------------------------------------------------
Test set: api.loginCourier.LoginCourierWithEmptyPasswordParameterizedTest
-------------------------------------------------------------------------------
Tests run: 2, Failures: 0, Errors: 1, Skipped: 0, Time elapsed: 60.44 s <<< FAILURE! - in api.loginCourier.LoginCourierWithEmptyPasswordParameterizedTest
checkBodyWithEmptyLogin[1](api.loginCourier.LoginCourierWithEmptyPasswordParameterizedTest)  Time elapsed: 60.191 s  <<< ERROR!
java.lang.IllegalStateException: 
Cannot invoke the path method because no content-type was present in the response and no default parser has been set.

You can specify a default parser using e.g.:
RestAssured.defaultParser = Parser.JSON;

	at api.loginCourier.LoginCourierWithEmptyPasswordParameterizedTest.checkBodyWithEmptyLogin(LoginCourierWithEmptyPasswordParameterizedTest.java:44)

